[90m2026-01-18 22:12:09[39m [[32mINFO[39m] [33mServer is running in development mode at http://localhost:8086[39m
[90m2026-01-18 22:12:12[39m [[32mINFO[39m] [33mServer is running in development mode at http://localhost:8086[39m
[90m2026-01-18 22:13:02[39m [[32mINFO[39m] [33mServer is running in development mode at http://localhost:8086[39m
[90m2026-01-18 22:17:12[39m [[32mINFO[39m] 
[90m2026-01-18 22:17:13[39m [[32mINFO[39m] 
[90m2026-01-18 22:17:16[39m [[32mINFO[39m] [33mServer [39m
[90m2026-01-18 22:17:18[39m [[32mINFO[39m] [33mServer is run[39m
[90m2026-01-18 22:17:20[39m [[32mINFO[39m] [33mServer is runing is [39m
[90m2026-01-18 22:17:21[39m [[32mINFO[39m] [33mServer is runing is $[39m
[90m2026-01-18 22:17:23[39m [[32mINFO[39m] [33mServer is runing is [object Object][39m
[90m2026-01-18 22:17:25[39m [[32mINFO[39m] [33mServer is runing is development[39m
[90m2026-01-18 22:17:26[39m [[32mINFO[39m] [33mServer is runing is development mode [39m
[90m2026-01-18 22:17:28[39m [[32mINFO[39m] [33mServer is runing is development mode at http[39m
[90m2026-01-18 22:17:31[39m [[32mINFO[39m] [33mServer is runing is development mode at http://localhost[39m
[90m2026-01-18 22:17:32[39m [[32mINFO[39m] [33mServer is runing is development mode at http://localhost:[39m
[90m2026-01-18 22:17:33[39m [[32mINFO[39m] [33mServer is runing is development mode at http://localhost:$[39m
[90m2026-01-18 22:17:36[39m [[32mINFO[39m] [33mServer is runing is development mode at http://localhost:8086[39m
[90m2026-01-18 22:17:38[39m [[32mINFO[39m] [33mServer is runing is development mode at http://localhost:8086[39m
[90m2026-01-18 22:17:43[39m [[32mINFO[39m] [33mServer is runing is development mode at http://localhost:8086[39m
[90m2026-01-18 22:17:52[39m [[32mINFO[39m] [33mServer is runing is development mode at http://localhost:8086[39m
[90m2026-01-18 22:18:18[39m [[32mINFO[39m] [33mServer is runing is development mode at http://localhost:8086[39m
[90m2026-01-18 22:18:20[39m [[32mINFO[39m] [33mServer is runing is development mode at http://localhost:8086[39m
[90m2026-01-18 22:18:22[39m [[32mINFO[39m] [33mServer is runing is development mode at http://localhost:8086[39m
[90m2026-01-18 22:18:25[39m [[32mINFO[39m] [33mServer is runing is development mode at http://localhost:8086[39m
[90m2026-01-18 22:18:26[39m [[32mINFO[39m] [33mServer is runing is development mode at http://localhost:8086[39m
[90m2026-01-18 22:18:28[39m [[32mINFO[39m] [33mServer is runing is development mode at http://localhost:8086[39m
[90m2026-01-18 22:18:29[39m [[32mINFO[39m] [33mServer is runing is development mode at http://localhost:8086[39m
[90m2026-01-18 22:18:31[39m [[32mINFO[39m] [33mServer is runing is development mode at http://localhost:8086[39m
[90m2026-01-18 22:18:41[39m [[32mINFO[39m] [33mServer is runing is development mode at http://localhost:8086[39m
[90m2026-01-18 22:18:43[39m [[32mINFO[39m] [33mServer is runing is development mode at http://localhost:8086[39m
[90m2026-01-18 22:18:45[39m [[32mINFO[39m] [33mServer is runing is development mode at http://localhost:8086[39m
[90m2026-01-18 22:18:46[39m [[32mINFO[39m] [33mServer is runing is development mode at http://localhost:8086[39m
[90m2026-01-18 22:18:49[39m [[32mINFO[39m] [33mServer is runing is development mode at http://localhost:8086[39m
[90m2026-01-18 22:18:50[39m [[32mINFO[39m] [33mServer is runing is development mode at http://localhost:8086[39m
[90m2026-01-18 22:18:52[39m [[32mINFO[39m] [33mServer is runing is development mode at http://localhost:8086[39m
[90m2026-01-18 22:18:54[39m [[32mINFO[39m] [33mServer is runing is development mode at http://localhost:8086[39m
[90m2026-01-18 22:18:55[39m [[32mINFO[39m] [33mServer is runing is development mode at http://localhost:8086[39m
[90m2026-01-18 22:18:57[39m [[32mINFO[39m] [33mServer is runing is development mode at http://localhost:8086[39m
[90m2026-01-18 22:18:59[39m [[32mINFO[39m] [33mServer is runing is development mode at http://localhost:8086[39m
[90m2026-01-18 22:19:14[39m [[32mINFO[39m] [33mServer is runing is development mode at http://localhost:8086[39m
[90m2026-01-18 22:19:16[39m [[32mINFO[39m] [33mServer is runing is development mode at http://localhost:8086[39m
[90m2026-01-18 22:19:18[39m [[32mINFO[39m] [33mServer is runing is development mode at http://localhost:8086[39m
[90m2026-01-18 22:19:19[39m [[32mINFO[39m] [33mServer is runing is development mode at http://localhost:8086[39m
[90m2026-01-18 22:19:20[39m [[32mINFO[39m] [33mServer is runing is development mode at http://localhost:8086[39m
[90m2026-01-18 22:19:21[39m [[32mINFO[39m] [33mServer is runing is development mode at http://localhost:8086[39m
[90m2026-01-18 22:19:25[39m [[32mINFO[39m] [33mServer is runing is development mode at http://localhost:8086[39m
[90m2026-01-18 22:19:29[39m [[32mINFO[39m] [33mServer is runing is development mode at http://localhost:8086[39m
[90m2026-01-18 22:19:37[39m [[32mINFO[39m] [33mServer is runing is development mode at http://localhost:8086[39m
[90m2026-01-18 22:19:43[39m [[32mINFO[39m] [33mServer is runing is development mode at http://localhost:8086[39m
[90m2026-01-18 22:19:45[39m [[32mINFO[39m] [33mServer is runing is development mode at http://localhost:8086[39m
[90m2026-01-18 22:19:46[39m [[32mINFO[39m] [33mServer is runing is development mode at http://localhost:8086[39m
[90m2026-01-18 22:19:48[39m [[32mINFO[39m] [33mServer is runing is development mode at http://localhost:8086[39m
[90m2026-01-18 22:19:50[39m [[32mINFO[39m] [33mServer is runing is development mode at http://localhost:8086[39m
[90m2026-01-18 22:19:59[39m [[32mINFO[39m] [33mServer is runing is development mode at http://localhost:8086[39m
[90m2026-01-18 22:20:00[39m [[32mINFO[39m] [33mServer is runing is development mode at http://localhost:8086[39m
[90m2026-01-18 22:20:02[39m [[32mINFO[39m] [33mServer is runing is development mode at http://localhost:8086[39m
[90m2026-01-18 22:20:04[39m [[32mINFO[39m] [33mServer is runing is development mode at http://localhost:8086[39m
[90m2026-01-18 22:20:05[39m [[32mINFO[39m] [33mServer is runing is development mode at http://localhost:8086[39m
[90m2026-01-18 22:20:07[39m [[32mINFO[39m] [33mServer is runing is development mode at http://localhost:8086[39m
[90m2026-01-18 22:20:10[39m [[32mINFO[39m] [33mServer is runing is development mode at http://localhost:8086[39m
[90m2026-01-18 22:20:12[39m [[32mINFO[39m] [33mServer is runing is development mode at http://localhost:8086[39m
[90m2026-01-18 22:20:14[39m [[32mINFO[39m] [33mServer is runing is development mode at http://localhost:8086[39m
[90m2026-01-18 22:20:15[39m [[32mINFO[39m] [33mServer is runing is development mode at http://localhost:8086[39m
[90m2026-01-18 22:20:16[39m [[32mINFO[39m] [33mServer is runing is development mode at http://localhost:8086[39m
[90m2026-01-18 22:20:17[39m [[32mINFO[39m] [33mServer is runing is development mode at http://localhost:8086[39m
[90m2026-01-18 22:20:24[39m [[32mINFO[39m] [33mServer is runing is development mode at http://localhost:8086[39m
[90m2026-01-18 22:20:25[39m [[32mINFO[39m] [33mServer is runing is development mode at http://localhost:8086[39m
[90m2026-01-18 22:20:27[39m [[32mINFO[39m] [33mServer is runing is development mode at http://localhost:8086[39m
[90m2026-01-18 22:20:32[39m [[32mINFO[39m] [33mServer is runing is development mode at http://localhost:8086[39m
[90m2026-01-18 22:20:33[39m [[32mINFO[39m] [33mServer is runing is development mode at http://localhost:8086[39m
[90m2026-01-18 22:22:30[39m [[32mINFO[39m] [33mServer is runing is development mode at http://localhost:8086[39m
[90m2026-01-18 22:22:32[39m [[32mINFO[39m] [33mServer is runing is development mode at http://localhost:8086[39m
[90m2026-01-18 22:23:18[39m [[32mINFO[39m] [33mShutting down server[39m
[90m2026-01-18 22:23:18[39m [[32mINFO[39m] [33mServer is runing is development mode at http://localhost:8086[39m
[90m2026-01-18 22:24:10[39m [[32mINFO[39m] [33mShutting down server[39m
[90m2026-01-18 22:24:10[39m [[32mINFO[39m] [33mServer is runing is development mode at http://localhost:8086[39m
[90m2026-01-18 22:24:12[39m [[32mINFO[39m] [33mShutting down server[39m
[90m2026-01-18 22:24:13[39m [[32mINFO[39m] [33mServer is runing is development mode at http://localhost:8086[39m
[90m2026-01-18 22:24:14[39m [[32mINFO[39m] [33mShutting down server[39m
[90m2026-01-18 22:24:14[39m [[32mINFO[39m] [33mServer is runing is development mode at http://localhost:8086[39m
[90m2026-01-18 22:24:14[39m [[32mINFO[39m] [33mShutting down server[39m
[90m2026-01-18 22:24:15[39m [[32mINFO[39m] [33mServer is runing is development mode at http://localhost:8086[39m
[90m2026-01-18 22:24:15[39m [[32mINFO[39m] [33mShutting down server[39m
[90m2026-01-18 22:24:15[39m [[32mINFO[39m] [33mServer is runing is development mode at http://localhost:8086[39m
[90m2026-01-18 22:24:16[39m [[32mINFO[39m] [33mShutting down server[39m
[90m2026-01-18 22:24:16[39m [[32mINFO[39m] [33mServer is runing is development mode at http://localhost:8086[39m
[90m2026-01-18 22:24:18[39m [[32mINFO[39m] [33mShutting down server[39m
[90m2026-01-18 22:24:19[39m [[32mINFO[39m] [33mServer is runing is development mode at http://localhost:8086[39m
[90m2026-01-18 22:24:19[39m [[32mINFO[39m] [33mShutting down server[39m
[90m2026-01-18 22:24:20[39m [[32mINFO[39m] [33mServer is runing is development mode at http://localhost:8086[39m
[90m2026-01-18 22:24:21[39m [[32mINFO[39m] [33mShutting down server[39m
[90m2026-01-18 22:24:21[39m [[32mINFO[39m] [33mServer is runing is development mode at http://localhost:8086[39m
[90m2026-01-18 22:24:22[39m [[32mINFO[39m] [33mShutting down server[39m
[90m2026-01-18 22:24:23[39m [[32mINFO[39m] [33mServer is runing is development mode at http://localhost:8086[39m
[90m2026-01-18 22:24:24[39m [[32mINFO[39m] [33mShutting down server[39m
[90m2026-01-18 22:24:24[39m [[32mINFO[39m] [33mServer is runing is development mode at http://localhost:8086[39m
[90m2026-01-18 22:24:28[39m [[32mINFO[39m] [33mShutting down server[39m
[90m2026-01-18 22:24:29[39m [[32mINFO[39m] [33mServer is runing is development mode at http://localhost:8086[39m
[90m2026-01-18 22:24:31[39m [[32mINFO[39m] [33mShutting down server[39m
[90m2026-01-18 22:24:31[39m [[32mINFO[39m] [33mServer is runing is development mode at http://localhost:8086[39m
[90m2026-01-18 22:24:34[39m [[32mINFO[39m] [33mShutting down server[39m
[90m2026-01-18 22:24:34[39m [[32mINFO[39m] [33mServer is runing is development mode at http://localhost:8086[39m
[90m2026-01-18 22:27:48[39m [[32mINFO[39m] [33mSocket data [object Object][39m
[90m2026-01-18 22:28:26[39m [[32mINFO[39m] [33mSocket data [object Object][39m
[90m2026-01-18 22:28:27[39m [[32mINFO[39m] [33mSocket data [object Object][39m
[90m2026-01-18 22:28:38[39m [[32mINFO[39m] [33mSocket data [object Object][39m
[90m2026-01-18 22:29:18[39m [[32mINFO[39m] [33mShutting down server[39m
[90m2026-01-18 22:29:23[39m [[32mINFO[39m] [33mServer is runing is development mode at http://localhost:8086[39m
[90m2026-01-18 22:29:25[39m [[32mINFO[39m] [33mSocket data KynZE3OcVjW2_QChAAAB[39m
[90m2026-01-18 22:29:30[39m [[32mINFO[39m] [33mSocket data t0ZnCzOn6TJT2yWFAAAD[39m
[90m2026-01-18 22:29:30[39m [[32mINFO[39m] [33mSocket data e17OCwMsqndq5E3sAAAF[39m
[90m2026-01-18 22:31:05[39m [[32mINFO[39m] [33mShutting down server[39m
[90m2026-01-18 22:31:11[39m [[32mINFO[39m] [33mServer is runing is development mode at http://localhost:8086[39m
[90m2026-01-18 22:31:11[39m [[32mINFO[39m] [33mShutting down server[39m
[90m2026-01-18 22:31:11[39m [[32mINFO[39m] [33mServer is runing is development mode at http://localhost:8086[39m
[90m2026-01-18 22:31:11[39m [[32mINFO[39m] [33mSocket data jSgHUj8bJ0E1sETPAAAB[39m
[90m2026-01-18 22:31:11[39m [[32mINFO[39m] [33mShutting down server[39m
[90m2026-01-18 22:31:13[39m [[32mINFO[39m] [33mServer is runing is development mode at http://localhost:8086[39m
[90m2026-01-18 22:31:14[39m [[32mINFO[39m] [33mSocket data sKiiU4IWkDafQ5eRAAAB[39m
[90m2026-01-18 22:31:15[39m [[32mINFO[39m] [33mServer is runing is development mode at http://localhost:8086[39m
[90m2026-01-18 22:31:15[39m [[32mINFO[39m] [33mSocket data T9yQELP6x0tse85SAAAB[39m
[90m2026-01-18 22:31:19[39m [[32mINFO[39m] [33mServer is runing is development mode at http://localhost:8086[39m
[90m2026-01-18 22:31:20[39m [[32mINFO[39m] [33mShutting down server[39m
[90m2026-01-18 22:31:20[39m [[32mINFO[39m] [33mServer is runing is development mode at http://localhost:8086[39m
[90m2026-01-18 22:31:21[39m [[32mINFO[39m] [33mSocket data FyiKpxiAva35BPh6AAAB[39m
[90m2026-01-18 22:31:21[39m [[32mINFO[39m] [33mShutting down server[39m
[90m2026-01-18 22:31:22[39m [[32mINFO[39m] [33mServer is runing is development mode at http://localhost:8086[39m
[90m2026-01-18 22:31:23[39m [[32mINFO[39m] [33mSocket data ENdo5rEG6XcHw451AAAB[39m
[90m2026-01-18 22:31:24[39m [[32mINFO[39m] [33mSocket data a5RUPRklAKMDefipAAAD[39m
[90m2026-01-18 22:31:27[39m [[32mINFO[39m] [33mShutting down server[39m
[90m2026-01-18 22:31:31[39m [[32mINFO[39m] [33mServer is runing is development mode at http://localhost:8086[39m
[90m2026-01-18 22:31:32[39m [[32mINFO[39m] [33mSocket data p0xL_vLnkqDZLEnTAAAB[39m
[90m2026-01-18 22:31:33[39m [[32mINFO[39m] [33mSocket data fI0eeWvz2XxJlc0sAAAD[39m
[90m2026-01-18 22:31:33[39m [[32mINFO[39m] [33mShutting down server[39m
[90m2026-01-18 22:31:38[39m [[32mINFO[39m] [33mServer is runing is development mode at http://localhost:8086[39m
[90m2026-01-18 22:31:39[39m [[32mINFO[39m] [33mSocket data N9RR_Ug48YlXvWChAAAB[39m
[90m2026-01-18 22:31:39[39m [[32mINFO[39m] [33mShutting down server[39m
[90m2026-01-18 22:31:40[39m [[32mINFO[39m] [33mServer is runing is development mode at http://localhost:8086[39m
[90m2026-01-18 22:31:41[39m [[32mINFO[39m] [33mSocket data rc-IFh-6S3vzMnthAAAB[39m
[90m2026-01-18 22:31:41[39m [[32mINFO[39m] [33mSocket data S1PrYRqvCfJbyV8mAAAD[39m
[90m2026-01-18 22:31:43[39m [[32mINFO[39m] [33mShutting down server[39m
[90m2026-01-18 22:31:43[39m [[32mINFO[39m] [33mServer is runing is development mode at http://localhost:8086[39m
[90m2026-01-18 22:31:44[39m [[32mINFO[39m] [33mShutting down server[39m
[90m2026-01-18 22:31:44[39m [[32mINFO[39m] [33mServer is runing is development mode at http://localhost:8086[39m
[90m2026-01-18 22:31:45[39m [[32mINFO[39m] [33mShutting down server[39m
[90m2026-01-18 22:31:45[39m [[32mINFO[39m] [33mServer is runing is development mode at http://localhost:8086[39m
[90m2026-01-18 22:31:46[39m [[32mINFO[39m] [33mSocket data s6q7jkhVrUYqJLvBAAAB[39m
[90m2026-01-18 22:31:47[39m [[32mINFO[39m] [33mSocket data P2unYbBIyv-2EmGzAAAD[39m
[90m2026-01-18 22:31:49[39m [[32mINFO[39m] [33mShutting down server[39m
[90m2026-01-18 22:31:55[39m [[32mINFO[39m] [33mServer is runing is development mode at http://localhost:8086[39m
[90m2026-01-18 22:31:55[39m [[32mINFO[39m] [33mSocket data ccU6tRjMvhik3ahiAAAB[39m
[90m2026-01-18 22:31:55[39m [[32mINFO[39m] [33mSocket data QHcta78LSZSSQGrOAAAD[39m
[90m2026-01-18 22:31:58[39m [[32mINFO[39m] [33mSocket data U3Pnyz_0ENzWeyLrAAAF[39m
[90m2026-01-18 22:31:59[39m [[32mINFO[39m] [33mSocket data jFtGKTvCRK_8wXSGAAAH[39m
[90m2026-01-18 22:32:03[39m [[32mINFO[39m] [33mSocket data cqe1yHU5uHlyRM5TAAAJ[39m
[90m2026-01-18 22:32:05[39m [[32mINFO[39m] [33mSocket data 5KYIFy5vhMrLG03JAAAL[39m
[90m2026-01-18 22:32:06[39m [[32mINFO[39m] [33mSocket data 7bMY5kCVdKOjyfg8AAAN[39m
[90m2026-01-18 22:32:07[39m [[32mINFO[39m] [33mSocket data OyUQdJMsdPhFUrhYAAAP[39m
[90m2026-01-18 22:32:09[39m [[32mINFO[39m] [33mSocket data 6QclWzpMXfhPq2nWAAAR[39m
[90m2026-01-18 22:32:11[39m [[32mINFO[39m] [33mSocket data FgQYR916ha5I2GQ2AAAT[39m
[90m2026-01-18 22:32:16[39m [[32mINFO[39m] [33mSocket data HWFB8EgyhSVwNZqgAAAV[39m
[90m2026-01-18 22:32:21[39m [[32mINFO[39m] [33mSocket data UuQa93bNgh2m4T9pAAAX[39m
[90m2026-01-18 22:32:22[39m [[32mINFO[39m] [33mSocket data 2JEZSursFY-cbUPdAAAZ[39m
[90m2026-01-18 22:32:22[39m [[32mINFO[39m] [33mSocket emitted data Prince[39m
[90m2026-01-18 22:40:33[39m [[32mINFO[39m] [33mServer is runing is development mode at http://localhost:8086[39m
[90m2026-01-18 22:41:25[39m [[32mINFO[39m] [33mServer is runing is development mode at http://localhost:8086[39m
[90m2026-01-18 22:41:29[39m [[32mINFO[39m] [33mSocket data -WDq9GyMGFoAXJPxAAAB[39m
[90m2026-01-18 22:41:29[39m [[32mINFO[39m] [33mSocket data isNMofHDiN-EobOfAAAD[39m
[90m2026-01-18 22:41:29[39m [[32mINFO[39m] [33mSocket emitted data Prince[39m
[90m2026-01-18 22:42:28[39m [[32mINFO[39m] [33mShutting down server[39m
[90m2026-01-18 22:42:32[39m [[32mINFO[39m] [33mServer is runing is development mode at http://localhost:8086[39m
[90m2026-01-18 22:42:33[39m [[32mINFO[39m] [33mShutting down server[39m
[90m2026-01-18 22:42:33[39m [[32mINFO[39m] [33mServer is runing is development mode at http://localhost:8086[39m
[90m2026-01-18 22:42:33[39m [[32mINFO[39m] [33mSocket data Hibf5Kif-_7im9jzAAAB[39m
[90m2026-01-18 22:42:34[39m [[32mINFO[39m] [33mSocket data E_ms3jCjV9sWHCIdAAAD[39m
[90m2026-01-18 22:42:36[39m [[32mINFO[39m] [33mShutting down server[39m
[90m2026-01-18 22:42:43[39m [[32mINFO[39m] [33mServer is runing is development mode at http://localhost:8086[39m
[90m2026-01-18 22:42:43[39m [[32mINFO[39m] [33mSocket data YmjqVwGp7t9PtqtZAAAB[39m
[90m2026-01-18 22:42:44[39m [[32mINFO[39m] [33mShutting down server[39m
[90m2026-01-18 22:42:45[39m [[32mINFO[39m] [33mServer is runing is development mode at http://localhost:8086[39m
[90m2026-01-18 22:42:45[39m [[32mINFO[39m] [33mShutting down server[39m
[90m2026-01-18 22:42:45[39m [[32mINFO[39m] [33mServer is runing is development mode at http://localhost:8086[39m
[90m2026-01-18 22:42:46[39m [[32mINFO[39m] [33mSocket data 4o21UQH5XE1zMofPAAAB[39m
[90m2026-01-18 22:42:47[39m [[32mINFO[39m] [33mSocket data m6J7BX3tqufgqn01AAAD[39m
[90m2026-01-18 22:42:48[39m [[32mINFO[39m] [33mShutting down server[39m
[90m2026-01-18 22:42:55[39m [[32mINFO[39m] [33mServer is runing is development mode at http://localhost:8086[39m
[90m2026-01-18 22:42:55[39m [[32mINFO[39m] [33mShutting down server[39m
[90m2026-01-18 22:42:56[39m [[32mINFO[39m] [33mServer is runing is development mode at http://localhost:8086[39m
[90m2026-01-18 22:42:58[39m [[32mINFO[39m] [33mSocket data gA6vttirFqZ3ARVFAAAB[39m
[90m2026-01-18 22:42:59[39m [[32mINFO[39m] [33mSocket data 1tas15NiowYdWnIWAAAD[39m
[90m2026-01-18 22:43:32[39m [[32mINFO[39m] [33mShutting down server[39m
[90m2026-01-18 22:43:34[39m [[32mINFO[39m] [33mServer is runing is development mode at http://localhost:8086[39m
[90m2026-01-18 22:43:35[39m [[32mINFO[39m] [33mSocket data BZ36YgvbK_5aOMEDAAAB[39m
[90m2026-01-18 22:43:35[39m [[32mINFO[39m] [33mSocket data wjpVev9icl5ProssAAAD[39m
[90m2026-01-18 22:43:35[39m [[32mINFO[39m] [33mShutting down server[39m
[90m2026-01-18 22:43:37[39m [[32mINFO[39m] [33mServer is runing is development mode at http://localhost:8086[39m
[90m2026-01-18 22:43:38[39m [[32mINFO[39m] [33mSocket data wVMwXXNsTUzPLGnkAAAB[39m
[90m2026-01-18 22:43:38[39m [[32mINFO[39m] [33mSocket data oWMhsf6j_qjTAYwQAAAD[39m
[90m2026-01-18 22:43:38[39m [[32mINFO[39m] [33mShutting down server[39m
[90m2026-01-18 22:43:40[39m [[32mINFO[39m] [33mServer is runing is development mode at http://localhost:8086[39m
[90m2026-01-18 22:43:41[39m [[32mINFO[39m] [33mSocket data a1ETyInjdvRN0g5BAAAB[39m
[90m2026-01-18 22:43:41[39m [[32mINFO[39m] [33mSocket data CFQLaDogjuBHQjAJAAAD[39m
[90m2026-01-18 22:43:46[39m [[32mINFO[39m] [33mShutting down server[39m
[90m2026-01-18 22:43:50[39m [[32mINFO[39m] [33mServer is runing is development mode at http://localhost:8086[39m
[90m2026-01-18 22:43:51[39m [[32mINFO[39m] [33mSocket data MsqL57bMI4guVOR9AAAB[39m
[90m2026-01-18 22:43:51[39m [[32mINFO[39m] [33mSocket data mQrLa2_QwaTuvrDNAAAD[39m
[90m2026-01-18 22:43:52[39m [[32mINFO[39m] [33mShutting down server[39m
[90m2026-01-18 22:43:56[39m [[32mINFO[39m] [33mServer is runing is development mode at http://localhost:8086[39m
[90m2026-01-18 22:43:57[39m [[32mINFO[39m] [33mSocket data 5cZKi2iGgmmUnx_8AAAB[39m
[90m2026-01-18 22:43:57[39m [[32mINFO[39m] [33mSocket data eMcOL7Ho45kvJW8XAAAD[39m
[90m2026-01-18 22:43:58[39m [[32mINFO[39m] [33mShutting down server[39m
[90m2026-01-18 22:43:59[39m [[32mINFO[39m] [33mServer is runing is development mode at http://localhost:8086[39m
[90m2026-01-18 22:44:00[39m [[32mINFO[39m] [33mSocket data 8fwKo9jfG0Q3NaXxAAAB[39m
[90m2026-01-18 22:44:00[39m [[32mINFO[39m] [33mSocket data qXf88fRT0TPsjLHZAAAD[39m
[90m2026-01-18 22:44:01[39m [[32mINFO[39m] [33mShutting down server[39m
[90m2026-01-18 22:44:09[39m [[32mINFO[39m] [33mServer is runing is development mode at http://localhost:8086[39m
[90m2026-01-18 22:44:13[39m [[32mINFO[39m] [33mSocket data 8iQB3svFrV7cEoEqAAAB[39m
[90m2026-01-18 22:44:14[39m [[32mINFO[39m] [33mShutting down server[39m
[90m2026-01-18 22:44:15[39m [[32mINFO[39m] [33mServer is runing is development mode at http://localhost:8086[39m
[90m2026-01-18 22:44:16[39m [[32mINFO[39m] [33mSocket data o6errUN7u4zldlXXAAAB[39m
[90m2026-01-18 22:44:17[39m [[32mINFO[39m] [33mShutting down server[39m
[90m2026-01-18 22:44:20[39m [[32mINFO[39m] [33mServer is runing is development mode at http://localhost:8086[39m
[90m2026-01-18 22:44:21[39m [[32mINFO[39m] [33mSocket data hqowcPSc0AOSF9RwAAAB[39m
[90m2026-01-18 22:44:22[39m [[32mINFO[39m] [33mShutting down server[39m
[90m2026-01-18 22:44:25[39m [[32mINFO[39m] [33mServer is runing is development mode at http://localhost:8086[39m
[90m2026-01-18 22:44:25[39m [[32mINFO[39m] [33mSocket data uO5x1tSRShrWNULcAAAB[39m
[90m2026-01-18 22:44:25[39m [[32mINFO[39m] [33mShutting down server[39m
[90m2026-01-18 22:44:26[39m [[32mINFO[39m] [33mServer is runing is development mode at http://localhost:8086[39m
[90m2026-01-18 22:44:27[39m [[32mINFO[39m] [33mSocket data a2rdaTtuxqJV2I6mAAAB[39m
[90m2026-01-18 22:44:29[39m [[32mINFO[39m] [33mSocket data OJZ6vSrI9aKPW9q1AAAD[39m
[90m2026-01-18 22:45:16[39m [[32mINFO[39m] [33mShutting down server[39m
[90m2026-01-18 22:45:23[39m [[32mINFO[39m] [33mServer is runing is development mode at http://localhost:8086[39m
[90m2026-01-18 22:45:24[39m [[32mINFO[39m] [33mShutting down server[39m
[90m2026-01-18 22:45:25[39m [[32mINFO[39m] [33mServer is runing is development mode at http://localhost:8086[39m
[90m2026-01-18 22:45:25[39m [[32mINFO[39m] [33mShutting down server[39m
[90m2026-01-18 22:45:25[39m [[32mINFO[39m] [33mServer is runing is development mode at http://localhost:8086[39m
[90m2026-01-18 22:45:26[39m [[32mINFO[39m] [33mShutting down server[39m
[90m2026-01-18 22:45:26[39m [[32mINFO[39m] [33mServer is runing is development mode at http://localhost:8086[39m
[90m2026-01-18 22:45:28[39m [[32mINFO[39m] [33mSocket data Y6I1sdhvVJ0XWHCnAAAB[39m
[90m2026-01-18 22:45:28[39m [[32mINFO[39m] [33mSocket data YxL6VHgj_FLZA-OXAAAD[39m
[90m2026-01-18 22:45:40[39m [[32mINFO[39m] [33mShutting down server[39m
[90m2026-01-18 22:45:43[39m [[32mINFO[39m] [33mServer is runing is development mode at http://localhost:8086[39m
[90m2026-01-18 22:45:44[39m [[32mINFO[39m] [33mSocket data UQdfHgbUjheNYk_nAAAB[39m
[90m2026-01-18 22:45:45[39m [[32mINFO[39m] [33mSocket data Sy_wNr_fy0j70dhQAAAD[39m
[90m2026-01-18 22:45:45[39m [[32mINFO[39m] [33mShutting down server[39m
[90m2026-01-18 22:45:48[39m [[32mINFO[39m] [33mServer is runing is development mode at http://localhost:8086[39m
[90m2026-01-18 22:45:48[39m [[32mINFO[39m] [33mSocket data vDDokWnRIYfC9hrxAAAB[39m
[90m2026-01-18 22:45:48[39m [[32mINFO[39m] [33mSocket data 0jTx1qte3d5PTkkwAAAD[39m
[90m2026-01-18 22:45:54[39m [[32mINFO[39m] [33mShutting down server[39m
[90m2026-01-18 22:45:58[39m [[32mINFO[39m] [33mServer is runing is development mode at http://localhost:8086[39m
[90m2026-01-18 22:45:58[39m [[32mINFO[39m] [33mSocket data OfBaeuFHb1SyLOx_AAAB[39m
[90m2026-01-18 22:45:59[39m [[32mINFO[39m] [33mSocket data UvEF1CJgUuYrl7aRAAAD[39m
[90m2026-01-18 22:45:59[39m [[32mINFO[39m] [33mShutting down server[39m
[90m2026-01-18 22:46:07[39m [[32mINFO[39m] [33mServer is runing is development mode at http://localhost:8086[39m
[90m2026-01-18 22:46:08[39m [[32mINFO[39m] [33mSocket data iIbylGgTT_IRZaVMAAAB[39m
[90m2026-01-18 22:46:10[39m [[32mINFO[39m] [33mSocket data wU9xLIEmeP13mxEQAAAD[39m
[90m2026-01-18 22:46:27[39m [[32mINFO[39m] [33mShutting down server[39m
[90m2026-01-18 22:46:32[39m [[32mINFO[39m] [33mServer is runing is development mode at http://localhost:8086[39m
[90m2026-01-18 22:46:32[39m [[32mINFO[39m] [33mSocket data yPgZcCcMolZo2h8ZAAAB[39m
[90m2026-01-18 22:46:32[39m [[32mINFO[39m] [33mSocket data dTHp5PEiD0oV49rvAAAD[39m
[90m2026-01-18 22:46:41[39m [[32mINFO[39m] [33mShutting down server[39m
[90m2026-01-18 22:46:44[39m [[32mINFO[39m] [33mServer is runing is development mode at http://localhost:8086[39m
[90m2026-01-18 22:46:45[39m [[32mINFO[39m] [33mSocket data KVf2Vs7MZAdpTbcuAAAB[39m
[90m2026-01-18 22:46:45[39m [[32mINFO[39m] [33mSocket data NdCzTEr5mFCfFjdXAAAD[39m
[90m2026-01-18 22:46:45[39m [[32mINFO[39m] [33mShutting down server[39m
[90m2026-01-18 22:46:46[39m [[32mINFO[39m] [33mServer is runing is development mode at http://localhost:8086[39m
[90m2026-01-18 22:46:46[39m [[32mINFO[39m] [33mSocket data f3IgLHxjzZZqp82_AAAB[39m
[90m2026-01-18 22:46:47[39m [[32mINFO[39m] [33mSocket data 1W7-9Hcp88UyFyS5AAAD[39m
[90m2026-01-18 22:46:49[39m [[32mINFO[39m] [33mShutting down server[39m
[90m2026-01-18 22:46:54[39m [[32mINFO[39m] [33mServer is runing is development mode at http://localhost:8086[39m
[90m2026-01-18 22:46:54[39m [[32mINFO[39m] [33mShutting down server[39m
[90m2026-01-18 22:46:54[39m [[32mINFO[39m] [33mServer is runing is development mode at http://localhost:8086[39m
[90m2026-01-18 22:46:55[39m [[32mINFO[39m] [33mSocket data 1SsR8EDGYsqSf7fqAAAB[39m
[90m2026-01-18 22:46:55[39m [[32mINFO[39m] [33mSocket data yYXFIsxAEgjCB3okAAAD[39m
[90m2026-01-18 22:46:56[39m [[32mINFO[39m] [33mShutting down server[39m
[90m2026-01-18 22:46:58[39m [[32mINFO[39m] [33mServer is runing is development mode at http://localhost:8086[39m
[90m2026-01-18 22:46:59[39m [[32mINFO[39m] [33mSocket data KKxcCK-woULtA-FIAAAB[39m
[90m2026-01-18 22:46:59[39m [[32mINFO[39m] [33mSocket data 7BNF6QpQ3VSccAuHAAAD[39m
[90m2026-01-18 22:48:15[39m [[32mINFO[39m] [33mShutting down server[39m
[90m2026-01-18 22:48:16[39m [[32mINFO[39m] [33mServer is runing is development mode at http://localhost:8086[39m
[90m2026-01-18 22:48:17[39m [[32mINFO[39m] [33mSocket data RQB8BnRz5HdYw4mzAAAB[39m
[90m2026-01-18 22:48:17[39m [[32mINFO[39m] [33mSocket data EfcGlkgnkUhOTRGeAAAD[39m
[90m2026-01-18 22:48:17[39m [[32mINFO[39m] [33mShutting down server[39m
[90m2026-01-18 22:48:21[39m [[32mINFO[39m] [33mServer is runing is development mode at http://localhost:8086[39m
[90m2026-01-18 22:48:21[39m [[32mINFO[39m] [33mSocket data uemdVHEmEFCNOAHrAAAB[39m
[90m2026-01-18 22:48:22[39m [[32mINFO[39m] [33mSocket data bn2f5YxAz0g6udSQAAAD[39m
[90m2026-01-18 22:48:22[39m [[32mINFO[39m] [33mShutting down server[39m
[90m2026-01-18 22:48:24[39m [[32mINFO[39m] [33mServer is runing is development mode at http://localhost:8086[39m
[90m2026-01-18 22:48:25[39m [[32mINFO[39m] [33mSocket data hv-9cABFjQ98Tx3iAAAB[39m
[90m2026-01-18 22:48:25[39m [[32mINFO[39m] [33mSocket data 4Vt9y6P3oeOhE_-XAAAD[39m
[90m2026-01-18 22:48:25[39m [[32mINFO[39m] [33mShutting down server[39m
[90m2026-01-18 22:48:26[39m [[32mINFO[39m] [33mServer is runing is development mode at http://localhost:8086[39m
[90m2026-01-18 22:48:27[39m [[32mINFO[39m] [33mShutting down server[39m
[90m2026-01-18 22:48:27[39m [[32mINFO[39m] [33mServer is runing is development mode at http://localhost:8086[39m
[90m2026-01-18 22:48:27[39m [[32mINFO[39m] [33mSocket data DkqjCLE1rjNk7TXlAAAB[39m
[90m2026-01-18 22:48:30[39m [[32mINFO[39m] [33mSocket data 6qxbndvgpX2mkg3LAAAD[39m
[90m2026-01-18 22:48:31[39m [[32mINFO[39m] [33mShutting down server[39m
[90m2026-01-18 22:48:36[39m [[32mINFO[39m] [33mServer is runing is development mode at http://localhost:8086[39m
[90m2026-01-18 22:48:37[39m [[32mINFO[39m] [33mSocket data O0A8zvhlWsAEshr8AAAB[39m
[90m2026-01-18 22:48:40[39m [[32mINFO[39m] [33mSocket data 0aeg5ScEJvpdxOfCAAAD[39m
[90m2026-01-18 22:49:35[39m [[32mINFO[39m] [33mShutting down server[39m
[90m2026-01-18 22:49:39[39m [[32mINFO[39m] [33mServer is runing is development mode at http://localhost:8086[39m
[90m2026-01-18 22:49:40[39m [[32mINFO[39m] [33mSocket data eBquIFitxGpQY0M3AAAB[39m
[90m2026-01-18 22:49:40[39m [[32mINFO[39m] [33mShutting down server[39m
[90m2026-01-18 22:49:40[39m [[32mINFO[39m] [33mSocket data r8d2N24iAgYI3pOPAAAD[39m
[90m2026-01-18 22:49:42[39m [[32mINFO[39m] [33mServer is runing is development mode at http://localhost:8086[39m
[90m2026-01-18 22:49:42[39m [[32mINFO[39m] [33mSocket data FvmxV7HYBAQHE3hUAAAB[39m
[90m2026-01-18 22:49:43[39m [[32mINFO[39m] [33mSocket data m4cyHBGxWxwWTMG1AAAD[39m
[90m2026-01-18 22:49:44[39m [[32mINFO[39m] [33mShutting down server[39m
[90m2026-01-18 22:49:44[39m [[32mINFO[39m] [33mServer is runing is development mode at http://localhost:8086[39m
[90m2026-01-18 22:49:45[39m [[32mINFO[39m] [33mSocket data WQMqPkG35JSjAlqwAAAB[39m
[90m2026-01-18 22:49:45[39m [[32mINFO[39m] [33mSocket data vuRrUsAYW3vtoDl4AAAD[39m
[90m2026-01-18 22:49:47[39m [[32mINFO[39m] [33mShutting down server[39m
[90m2026-01-18 22:49:49[39m [[32mINFO[39m] [33mServer is runing is development mode at http://localhost:8086[39m
[90m2026-01-18 22:49:50[39m [[32mINFO[39m] [33mSocket data YE-HYiq_R9N5GyiTAAAB[39m
[90m2026-01-18 22:49:50[39m [[32mINFO[39m] [33mSocket data 2DPCGbEWFhRETBQxAAAD[39m
[90m2026-01-18 22:49:51[39m [[32mINFO[39m] [33mShutting down server[39m
[90m2026-01-18 22:49:52[39m [[32mINFO[39m] [33mServer is runing is development mode at http://localhost:8086[39m
[90m2026-01-18 22:49:52[39m [[32mINFO[39m] [33mSocket data syoMj9ZHfnVA3bJiAAAB[39m
[90m2026-01-18 22:49:53[39m [[32mINFO[39m] [33mSocket data 0zSc7Utc9qjb9kDFAAAD[39m
[90m2026-01-18 22:49:53[39m [[32mINFO[39m] [33mShutting down server[39m
[90m2026-01-18 22:49:54[39m [[32mINFO[39m] [33mServer is runing is development mode at http://localhost:8086[39m
[90m2026-01-18 22:49:55[39m [[32mINFO[39m] [33mSocket data klgxzbKql9CDy6D-AAAB[39m
[90m2026-01-18 22:49:55[39m [[32mINFO[39m] [33mShutting down server[39m
[90m2026-01-18 22:49:57[39m [[32mINFO[39m] [33mServer is runing is development mode at http://localhost:8086[39m
[90m2026-01-18 22:49:58[39m [[32mINFO[39m] [33mShutting down server[39m
[90m2026-01-18 22:49:58[39m [[32mINFO[39m] [33mServer is runing is development mode at http://localhost:8086[39m
[90m2026-01-18 22:49:59[39m [[32mINFO[39m] [33mSocket data O4lrOclO9WFO1ldMAAAB[39m
[90m2026-01-18 22:50:01[39m [[32mINFO[39m] [33mSocket data w7nNXQgU5bX__S25AAAD[39m
[90m2026-01-18 22:50:42[39m [[32mINFO[39m] [33mShutting down server[39m
[90m2026-01-18 22:50:45[39m [[32mINFO[39m] [33mServer is runing is development mode at http://localhost:8086[39m
[90m2026-01-18 22:50:47[39m [[32mINFO[39m] [33mSocket data qD5jpjtIaUhuxM6GAAAB[39m
[90m2026-01-18 22:50:47[39m [[32mINFO[39m] [33mServer is runing is development mode at http://localhost:8086[39m
[90m2026-01-18 22:50:48[39m [[32mINFO[39m] [33mSocket data kTqfWO4oKA-ucI8iAAAB[39m
[90m2026-01-18 22:50:49[39m [[32mINFO[39m] [33mShutting down server[39m
[90m2026-01-18 22:50:50[39m [[32mINFO[39m] [33mServer is runing is development mode at http://localhost:8086[39m
[90m2026-01-18 22:50:51[39m [[32mINFO[39m] [33mShutting down server[39m
[90m2026-01-18 22:50:51[39m [[32mINFO[39m] [33mServer is runing is development mode at http://localhost:8086[39m
[90m2026-01-18 22:50:52[39m [[32mINFO[39m] [33mSocket data JFQObYmoOyYv1QlZAAAB[39m
[90m2026-01-18 22:50:53[39m [[32mINFO[39m] [33mSocket data EeWGx9Gdze4cFDpOAAAD[39m
[90m2026-01-18 22:50:55[39m [[32mINFO[39m] [33mShutting down server[39m
[90m2026-01-18 22:51:00[39m [[32mINFO[39m] [33mServer is runing is development mode at http://localhost:8086[39m
[90m2026-01-18 22:51:01[39m [[32mINFO[39m] [33mSocket data DNj_poA4pwKSYe8JAAAB[39m
[90m2026-01-18 22:51:01[39m [[32mINFO[39m] [33mSocket data 50Ns3yR8MZVYzBejAAAD[39m
[90m2026-01-18 22:51:02[39m [[32mINFO[39m] [33mShutting down server[39m
[90m2026-01-18 22:51:05[39m [[32mINFO[39m] [33mServer is runing is development mode at http://localhost:8086[39m
[90m2026-01-18 22:51:06[39m [[32mINFO[39m] [33mShutting down server[39m
[90m2026-01-18 22:51:06[39m [[32mINFO[39m] [33mServer is runing is development mode at http://localhost:8086[39m
[90m2026-01-18 22:51:06[39m [[32mINFO[39m] [33mSocket data vArxJ-BCsOpM_lBXAAAB[39m
[90m2026-01-18 22:51:07[39m [[32mINFO[39m] [33mSocket data aCF3WDWdM6GE5vQNAAAD[39m
[90m2026-01-18 22:51:12[39m [[32mINFO[39m] [33mShutting down server[39m
[90m2026-01-18 22:51:13[39m [[32mINFO[39m] [33mServer is runing is development mode at http://localhost:8086[39m
[90m2026-01-18 22:51:14[39m [[32mINFO[39m] [33mSocket data dQcoiXsrIh7GTg5iAAAB[39m
[90m2026-01-18 22:51:14[39m [[32mINFO[39m] [33mSocket data 0nqUBbXf0cqF_8qbAAAD[39m
[90m2026-01-18 22:51:15[39m [[32mINFO[39m] [33mShutting down server[39m
[90m2026-01-18 22:51:17[39m [[32mINFO[39m] [33mServer is runing is development mode at http://localhost:8086[39m
[90m2026-01-18 22:51:17[39m [[32mINFO[39m] [33mSocket data grRdTB--5GFFng83AAAB[39m
[90m2026-01-18 22:51:18[39m [[32mINFO[39m] [33mSocket data ZKOgvg6mBDgtrPqmAAAD[39m
[90m2026-01-18 22:51:18[39m [[32mINFO[39m] [33mShutting down server[39m
[90m2026-01-18 22:51:23[39m [[32mINFO[39m] [33mServer is runing is development mode at http://localhost:8086[39m
[90m2026-01-18 22:51:24[39m [[32mINFO[39m] [33mSocket data QgrbjlNQnu5PISxGAAAB[39m
[90m2026-01-18 22:51:25[39m [[32mINFO[39m] [33mSocket data 4lmerra-kDbVBSbYAAAD[39m
[90m2026-01-18 22:51:49[39m [[32mINFO[39m] [33mShutting down server[39m
[90m2026-01-18 22:51:52[39m [[32mINFO[39m] [33mServer is runing is development mode at http://localhost:8086[39m
[90m2026-01-18 22:51:54[39m [[32mINFO[39m] [33mSocket data 6AXBKwjZ_zH5Hqi5AAAB[39m
[90m2026-01-18 22:51:54[39m [[32mINFO[39m] [33mSocket data 9vpi7PCDKATrIAF3AAAD[39m
[90m2026-01-18 22:51:56[39m [[32mINFO[39m] [33mShutting down server[39m
[90m2026-01-18 22:51:57[39m [[32mINFO[39m] [33mServer is runing is development mode at http://localhost:8086[39m
[90m2026-01-18 22:51:57[39m [[32mINFO[39m] [33mSocket data veTlPqNly8CYf-4TAAAB[39m
[90m2026-01-18 22:51:59[39m [[32mINFO[39m] [33mSocket data OXNrdPqK446ubfiXAAAD[39m
[90m2026-01-18 22:51:59[39m [[32mINFO[39m] [33mShutting down server[39m
[90m2026-01-18 22:52:04[39m [[32mINFO[39m] [33mServer is runing is development mode at http://localhost:8086[39m
[90m2026-01-18 22:52:05[39m [[32mINFO[39m] [33mSocket data 0PVHeZsATxnjprriAAAB[39m
[90m2026-01-18 22:52:06[39m [[32mINFO[39m] [33mSocket data MwO-eDc9S7E3HYYwAAAD[39m
[90m2026-01-18 22:52:41[39m [[32mINFO[39m] [33mShutting down server[39m
[90m2026-01-18 22:52:46[39m [[32mINFO[39m] [33mServer is runing is development mode at http://localhost:8086[39m
[90m2026-01-18 22:52:48[39m [[32mINFO[39m] [33mSocket data 48FPwxwNr4VnM8lfAAAB[39m
[90m2026-01-18 22:52:48[39m [[32mINFO[39m] [33mSocket data yUqQ47CkwYaS1p56AAAD[39m
